[ 2015-08-13T09:52:29+08:00 ] 127.0.0.1 /vshow/
INFO: [ app_init ] --START--
INFO: Run Behavior\BuildLiteBehavior [ RunTime:0.000000s ]
INFO: [ app_init ] --END-- [ RunTime:0.006000s ]
INFO: [ app_begin ] --START--
INFO: Run Behavior\ReadHtmlCacheBehavior [ RunTime:0.004001s ]
INFO: [ app_begin ] --END-- [ RunTime:0.004001s ]
SQL: SHOW COLUMNS FROM `vs_works` [ RunTime:0.0170s ]
SQL: SELECT `id`,`works_name`,`works_image` FROM `vs_works` WHERE `is_delete` = 0 AND `is_rec` = 0 LIMIT 0,5   [ RunTime:0.0010s ]
SQL: SELECT vs_works.id,`works_author`,`click_counts`,`works_name` FROM `vs_works` INNER JOIN vs_works_counts as c on c.works_id = vs_works.id  WHERE `is_delete` = 0 ORDER BY click_counts desc LIMIT 0,9   [ RunTime:0.0040s ]
SQL: SELECT `id`,`works_author`,`works_name` FROM `vs_works` WHERE `is_delete` = 0 AND `is_rec` = 0 ORDER BY works_pubtime desc LIMIT 9   [ RunTime:0.0000s ]
SQL: SELECT w.id,`works_name`,`works_author`,`works_pubtime`,`works_image`,`avater_path`,`praise_counts`,`collect_counts`,`comment_counts`,`click_counts` FROM vs_works w INNER JOIN vs_works_counts as c on w.id = c.works_id INNER JOIN vs_user as u on u.id =w.user_id   WHERE `is_delete` = 0 ORDER BY id LIMIT 8   [ RunTime:0.0110s ]
INFO: [ view_parse ] --START--
INFO: [ template_filter ] --START--
INFO: Run Behavior\ContentReplaceBehavior [ RunTime:0.001000s ]
INFO: [ template_filter ] --END-- [ RunTime:0.001000s ]
NOTIC: [8] Undefined variable: hotWorkList F:\wamp\www\vshow\Application\Runtime\Cache\Home\2a94b8bda04ff446dcedd42276fc99ee.php 第 177 行.
NOTIC: [8] Undefined index: works F:\wamp\www\vshow\Application\Runtime\Cache\Home\2a94b8bda04ff446dcedd42276fc99ee.php 第 205 行.
NOTIC: [8] Undefined index: works F:\wamp\www\vshow\Application\Runtime\Cache\Home\2a94b8bda04ff446dcedd42276fc99ee.php 第 205 行.
NOTIC: [8] Undefined index: works F:\wamp\www\vshow\Application\Runtime\Cache\Home\2a94b8bda04ff446dcedd42276fc99ee.php 第 205 行.
NOTIC: [8] Undefined index: works F:\wamp\www\vshow\Application\Runtime\Cache\Home\2a94b8bda04ff446dcedd42276fc99ee.php 第 205 行.
NOTIC: [8] Undefined index: works F:\wamp\www\vshow\Application\Runtime\Cache\Home\2a94b8bda04ff446dcedd42276fc99ee.php 第 205 行.
NOTIC: [8] Undefined index: works F:\wamp\www\vshow\Application\Runtime\Cache\Home\2a94b8bda04ff446dcedd42276fc99ee.php 第 205 行.
NOTIC: [8] Undefined index: works F:\wamp\www\vshow\Application\Runtime\Cache\Home\2a94b8bda04ff446dcedd42276fc99ee.php 第 205 行.
NOTIC: [8] Undefined index: works F:\wamp\www\vshow\Application\Runtime\Cache\Home\2a94b8bda04ff446dcedd42276fc99ee.php 第 205 行.
INFO: Run Behavior\ParseTemplateBehavior [ RunTime:0.111006s ]
INFO: [ view_parse ] --END-- [ RunTime:0.112006s ]
INFO: [ view_filter ] --START--
INFO: Run Behavior\WriteHtmlCacheBehavior [ RunTime:0.016001s ]
INFO: Run Behavior\TokenBuildBehavior [ RunTime:0.003001s ]
INFO: [ view_filter ] --END-- [ RunTime:0.020002s ]
INFO: [ app_end ] --START--
INFO: Run Behavior\ShowPageTraceBehavior [ RunTime:0.001000s ]
INFO: [ app_end ] --END-- [ RunTime:0.003000s ]

[ 2015-08-13T09:52:42+08:00 ] 127.0.0.1 /vshow/index.php/Home/Works/s/id/50
INFO: [ app_init ] --START--
INFO: Run Behavior\BuildLiteBehavior [ RunTime:0.000000s ]
INFO: [ app_init ] --END-- [ RunTime:0.001000s ]
INFO: [ app_begin ] --START--
INFO: Run Behavior\ReadHtmlCacheBehavior [ RunTime:0.001000s ]
INFO: [ app_begin ] --END-- [ RunTime:0.002000s ]
SQL: SHOW COLUMNS FROM `vs_works` [ RunTime:0.0070s ]
SQL: SELECT vs_works.id,`works_name`,`works_about`,`works_path`,`works_image`,`is_delete`,vs_works.user_id,`works_pubtime`,`comment`,`score` FROM `vs_works` left join vs_homework_list as hl on vs_works.homework_id = hl.homework_id  WHERE ( vs_works.id = 50 ) LIMIT 1   [ RunTime:0.0180s ]
SQL: SHOW COLUMNS FROM `vs_user` [ RunTime:0.0060s ]
SQL: SELECT `truename`,`sign`,`avater_path` FROM `vs_user` WHERE ( id = 16 ) LIMIT 1   [ RunTime:0.0010s ]
SQL: SHOW COLUMNS FROM `vs_works_counts` [ RunTime:0.0070s ]
SQL: SELECT * FROM `vs_works_counts` WHERE ( works_id = 50 ) LIMIT 1   [ RunTime:0.0010s ]
INFO: [ view_parse ] --START--
INFO: [ template_filter ] --START--
INFO: Run Behavior\ContentReplaceBehavior [ RunTime:0.000000s ]
INFO: [ template_filter ] --END-- [ RunTime:0.001000s ]
INFO: Run Behavior\ParseTemplateBehavior [ RunTime:0.046003s ]
INFO: [ view_parse ] --END-- [ RunTime:0.046003s ]
INFO: [ view_filter ] --START--
INFO: Run Behavior\WriteHtmlCacheBehavior [ RunTime:0.001000s ]
INFO: Run Behavior\TokenBuildBehavior [ RunTime:0.002000s ]
INFO: [ view_filter ] --END-- [ RunTime:0.003000s ]
INFO: [ app_end ] --START--
INFO: Run Behavior\ShowPageTraceBehavior [ RunTime:0.001000s ]
INFO: [ app_end ] --END-- [ RunTime:0.002000s ]

[ 2015-08-13T09:52:46+08:00 ] 127.0.0.1 /vshow/index.php/Home/Works/showWork/id/50
INFO: [ app_init ] --START--
INFO: Run Behavior\BuildLiteBehavior [ RunTime:0.000000s ]
INFO: [ app_init ] --END-- [ RunTime:0.001000s ]
INFO: [ app_begin ] --START--
INFO: Run Behavior\ReadHtmlCacheBehavior [ RunTime:0.002000s ]
INFO: [ app_begin ] --END-- [ RunTime:0.002000s ]
SQL: SHOW COLUMNS FROM `vs_works` [ RunTime:0.0060s ]
SQL: SELECT * FROM `vs_works` WHERE ( id = 50 ) LIMIT 1   [ RunTime:0.0010s ]
INFO: [ view_parse ] --START--
INFO: [ template_filter ] --START--
INFO: Run Behavior\ContentReplaceBehavior [ RunTime:0.000000s ]
INFO: [ template_filter ] --END-- [ RunTime:0.001000s ]
INFO: Run Behavior\ParseTemplateBehavior [ RunTime:0.042003s ]
INFO: [ view_parse ] --END-- [ RunTime:0.043003s ]
INFO: [ view_filter ] --START--
INFO: Run Behavior\WriteHtmlCacheBehavior [ RunTime:0.001000s ]
INFO: Run Behavior\TokenBuildBehavior [ RunTime:0.002000s ]
INFO: [ view_filter ] --END-- [ RunTime:0.003000s ]
INFO: [ app_end ] --START--
INFO: Run Behavior\ShowPageTraceBehavior [ RunTime:0.002000s ]
INFO: [ app_end ] --END-- [ RunTime:0.002000s ]

[ 2015-08-13T09:52:52+08:00 ] 127.0.0.1 /vshow/index.php/Home/Index/workList.html
INFO: [ app_init ] --START--
INFO: Run Behavior\BuildLiteBehavior [ RunTime:0.000000s ]
INFO: [ app_init ] --END-- [ RunTime:0.005000s ]
INFO: [ app_begin ] --START--
INFO: Run Behavior\ReadHtmlCacheBehavior [ RunTime:0.000000s ]
INFO: [ app_begin ] --END-- [ RunTime:0.002500s ]
SQL: SHOW COLUMNS FROM `vs_works` [ RunTime:0.0110s ]
SQL: SELECT COUNT(*) AS tp_count FROM `vs_works` WHERE `is_delete` = 0 LIMIT 1   [ RunTime:0.0000s ]
SQL: SELECT w.id,`works_name`,`works_author`,`works_pubtime`,`works_image`,`avater_path`,`praise_counts`,`collect_counts`,`comment_counts`,`click_counts` FROM vs_works w INNER JOIN vs_works_counts as c on w.id = c.works_id INNER JOIN vs_user as u on u.id =w.user_id   WHERE `is_delete` = 0 LIMIT 0,8   [ RunTime:0.0010s ]
INFO: [ view_parse ] --START--
INFO: [ template_filter ] --START--
INFO: Run Behavior\ContentReplaceBehavior [ RunTime:0.001000s ]
INFO: [ template_filter ] --END-- [ RunTime:0.001000s ]
NOTIC: [8] Undefined index: works F:\wamp\www\vshow\Application\Runtime\Cache\Home\1fa89764e47ce3582f345c1043242482.php 第 147 行.
NOTIC: [8] Undefined index: works F:\wamp\www\vshow\Application\Runtime\Cache\Home\1fa89764e47ce3582f345c1043242482.php 第 147 行.
NOTIC: [8] Undefined index: works F:\wamp\www\vshow\Application\Runtime\Cache\Home\1fa89764e47ce3582f345c1043242482.php 第 147 行.
NOTIC: [8] Undefined index: works F:\wamp\www\vshow\Application\Runtime\Cache\Home\1fa89764e47ce3582f345c1043242482.php 第 147 行.
NOTIC: [8] Undefined index: works F:\wamp\www\vshow\Application\Runtime\Cache\Home\1fa89764e47ce3582f345c1043242482.php 第 147 行.
NOTIC: [8] Undefined index: works F:\wamp\www\vshow\Application\Runtime\Cache\Home\1fa89764e47ce3582f345c1043242482.php 第 147 行.
NOTIC: [8] Undefined index: works F:\wamp\www\vshow\Application\Runtime\Cache\Home\1fa89764e47ce3582f345c1043242482.php 第 147 行.
NOTIC: [8] Undefined index: works F:\wamp\www\vshow\Application\Runtime\Cache\Home\1fa89764e47ce3582f345c1043242482.php 第 147 行.
INFO: Run Behavior\ParseTemplateBehavior [ RunTime:0.049003s ]
INFO: [ view_parse ] --END-- [ RunTime:0.049003s ]
INFO: [ view_filter ] --START--
INFO: Run Behavior\WriteHtmlCacheBehavior [ RunTime:0.001000s ]
INFO: Run Behavior\TokenBuildBehavior [ RunTime:0.002000s ]
INFO: [ view_filter ] --END-- [ RunTime:0.005000s ]
INFO: [ app_end ] --START--
INFO: Run Behavior\ShowPageTraceBehavior [ RunTime:0.002000s ]
INFO: [ app_end ] --END-- [ RunTime:0.003000s ]

[ 2015-08-13T09:52:53+08:00 ] 127.0.0.1 /vshow/index.php/Home/Index/learning.html
INFO: [ app_init ] --START--
INFO: Run Behavior\BuildLiteBehavior [ RunTime:0.000000s ]
INFO: [ app_init ] --END-- [ RunTime:0.001000s ]
INFO: [ app_begin ] --START--
INFO: Run Behavior\ReadHtmlCacheBehavior [ RunTime:0.002000s ]
INFO: [ app_begin ] --END-- [ RunTime:0.002000s ]
INFO: [ view_parse ] --START--
INFO: [ template_filter ] --START--
INFO: Run Behavior\ContentReplaceBehavior [ RunTime:0.001000s ]
INFO: [ template_filter ] --END-- [ RunTime:0.002000s ]
INFO: Run Behavior\ParseTemplateBehavior [ RunTime:0.045002s ]
INFO: [ view_parse ] --END-- [ RunTime:0.045002s ]
INFO: [ view_filter ] --START--
INFO: Run Behavior\WriteHtmlCacheBehavior [ RunTime:0.000000s ]
INFO: Run Behavior\TokenBuildBehavior [ RunTime:0.003001s ]
INFO: [ view_filter ] --END-- [ RunTime:0.005001s ]
INFO: [ app_end ] --START--
INFO: Run Behavior\ShowPageTraceBehavior [ RunTime:0.001000s ]
INFO: [ app_end ] --END-- [ RunTime:0.002000s ]

[ 2015-08-13T09:52:56+08:00 ] 127.0.0.1 /vshow/index.php/Home/Index/index.html
INFO: [ app_init ] --START--
INFO: Run Behavior\BuildLiteBehavior [ RunTime:0.000000s ]
INFO: [ app_init ] --END-- [ RunTime:0.001000s ]
INFO: [ app_begin ] --START--
INFO: Run Behavior\ReadHtmlCacheBehavior [ RunTime:0.001000s ]
INFO: [ app_begin ] --END-- [ RunTime:0.003000s ]
SQL: SHOW COLUMNS FROM `vs_works` [ RunTime:0.0110s ]
SQL: SELECT `id`,`works_name`,`works_image` FROM `vs_works` WHERE `is_delete` = 0 AND `is_rec` = 0 LIMIT 0,5   [ RunTime:0.0010s ]
SQL: SELECT vs_works.id,`works_author`,`click_counts`,`works_name` FROM `vs_works` INNER JOIN vs_works_counts as c on c.works_id = vs_works.id  WHERE `is_delete` = 0 ORDER BY click_counts desc LIMIT 0,9   [ RunTime:0.0010s ]
SQL: SELECT `id`,`works_author`,`works_name` FROM `vs_works` WHERE `is_delete` = 0 AND `is_rec` = 0 ORDER BY works_pubtime desc LIMIT 9   [ RunTime:0.0020s ]
SQL: SELECT w.id,`works_name`,`works_author`,`works_pubtime`,`works_image`,`avater_path`,`praise_counts`,`collect_counts`,`comment_counts`,`click_counts` FROM vs_works w INNER JOIN vs_works_counts as c on w.id = c.works_id INNER JOIN vs_user as u on u.id =w.user_id   WHERE `is_delete` = 0 ORDER BY id LIMIT 8   [ RunTime:0.0020s ]
INFO: [ view_parse ] --START--
INFO: [ template_filter ] --START--
INFO: Run Behavior\ContentReplaceBehavior [ RunTime:0.000000s ]
INFO: [ template_filter ] --END-- [ RunTime:0.001000s ]
NOTIC: [8] Undefined variable: hotWorkList F:\wamp\www\vshow\Application\Runtime\Cache\Home\2a94b8bda04ff446dcedd42276fc99ee.php 第 177 行.
NOTIC: [8] Undefined index: works F:\wamp\www\vshow\Application\Runtime\Cache\Home\2a94b8bda04ff446dcedd42276fc99ee.php 第 205 行.
NOTIC: [8] Undefined index: works F:\wamp\www\vshow\Application\Runtime\Cache\Home\2a94b8bda04ff446dcedd42276fc99ee.php 第 205 行.
NOTIC: [8] Undefined index: works F:\wamp\www\vshow\Application\Runtime\Cache\Home\2a94b8bda04ff446dcedd42276fc99ee.php 第 205 行.
NOTIC: [8] Undefined index: works F:\wamp\www\vshow\Application\Runtime\Cache\Home\2a94b8bda04ff446dcedd42276fc99ee.php 第 205 行.
NOTIC: [8] Undefined index: works F:\wamp\www\vshow\Application\Runtime\Cache\Home\2a94b8bda04ff446dcedd42276fc99ee.php 第 205 行.
NOTIC: [8] Undefined index: works F:\wamp\www\vshow\Application\Runtime\Cache\Home\2a94b8bda04ff446dcedd42276fc99ee.php 第 205 行.
NOTIC: [8] Undefined index: works F:\wamp\www\vshow\Application\Runtime\Cache\Home\2a94b8bda04ff446dcedd42276fc99ee.php 第 205 行.
NOTIC: [8] Undefined index: works F:\wamp\www\vshow\Application\Runtime\Cache\Home\2a94b8bda04ff446dcedd42276fc99ee.php 第 205 行.
INFO: Run Behavior\ParseTemplateBehavior [ RunTime:0.098006s ]
INFO: [ view_parse ] --END-- [ RunTime:0.098006s ]
INFO: [ view_filter ] --START--
INFO: Run Behavior\WriteHtmlCacheBehavior [ RunTime:0.001000s ]
INFO: Run Behavior\TokenBuildBehavior [ RunTime:0.003000s ]
INFO: [ view_filter ] --END-- [ RunTime:0.005000s ]
INFO: [ app_end ] --START--
INFO: Run Behavior\ShowPageTraceBehavior [ RunTime:0.002000s ]
INFO: [ app_end ] --END-- [ RunTime:0.002000s ]

[ 2015-08-13T09:52:57+08:00 ] 127.0.0.1 /vshow/index.php/Home/Index/learning.html
INFO: [ app_init ] --START--
INFO: Run Behavior\BuildLiteBehavior [ RunTime:0.000000s ]
INFO: [ app_init ] --END-- [ RunTime:0.001000s ]
INFO: [ app_begin ] --START--
INFO: Run Behavior\ReadHtmlCacheBehavior [ RunTime:0.001000s ]
INFO: [ app_begin ] --END-- [ RunTime:0.002000s ]
INFO: [ view_parse ] --START--
INFO: [ template_filter ] --START--
INFO: Run Behavior\ContentReplaceBehavior [ RunTime:0.001000s ]
INFO: [ template_filter ] --END-- [ RunTime:0.002000s ]
INFO: Run Behavior\ParseTemplateBehavior [ RunTime:0.037002s ]
INFO: [ view_parse ] --END-- [ RunTime:0.037002s ]
INFO: [ view_filter ] --START--
INFO: Run Behavior\WriteHtmlCacheBehavior [ RunTime:0.000000s ]
INFO: Run Behavior\TokenBuildBehavior [ RunTime:0.002000s ]
INFO: [ view_filter ] --END-- [ RunTime:0.005000s ]
INFO: [ app_end ] --START--
INFO: Run Behavior\ShowPageTraceBehavior [ RunTime:0.001000s ]
INFO: [ app_end ] --END-- [ RunTime:0.002000s ]

[ 2015-08-13T09:52:59+08:00 ] 127.0.0.1 /vshow/index.php/Home/Index/index.html
INFO: [ app_init ] --START--
INFO: Run Behavior\BuildLiteBehavior [ RunTime:0.000000s ]
INFO: [ app_init ] --END-- [ RunTime:0.001000s ]
INFO: [ app_begin ] --START--
INFO: Run Behavior\ReadHtmlCacheBehavior [ RunTime:0.001000s ]
INFO: [ app_begin ] --END-- [ RunTime:0.002000s ]
SQL: SHOW COLUMNS FROM `vs_works` [ RunTime:0.0080s ]
SQL: SELECT `id`,`works_name`,`works_image` FROM `vs_works` WHERE `is_delete` = 0 AND `is_rec` = 0 LIMIT 0,5   [ RunTime:0.0010s ]
SQL: SELECT vs_works.id,`works_author`,`click_counts`,`works_name` FROM `vs_works` INNER JOIN vs_works_counts as c on c.works_id = vs_works.id  WHERE `is_delete` = 0 ORDER BY click_counts desc LIMIT 0,9   [ RunTime:0.0020s ]
SQL: SELECT `id`,`works_author`,`works_name` FROM `vs_works` WHERE `is_delete` = 0 AND `is_rec` = 0 ORDER BY works_pubtime desc LIMIT 9   [ RunTime:0.0010s ]
SQL: SELECT w.id,`works_name`,`works_author`,`works_pubtime`,`works_image`,`avater_path`,`praise_counts`,`collect_counts`,`comment_counts`,`click_counts` FROM vs_works w INNER JOIN vs_works_counts as c on w.id = c.works_id INNER JOIN vs_user as u on u.id =w.user_id   WHERE `is_delete` = 0 ORDER BY id LIMIT 8   [ RunTime:0.0020s ]
INFO: [ view_parse ] --START--
INFO: [ template_filter ] --START--
INFO: Run Behavior\ContentReplaceBehavior [ RunTime:0.000000s ]
INFO: [ template_filter ] --END-- [ RunTime:0.002000s ]
NOTIC: [8] Undefined variable: hotWorkList F:\wamp\www\vshow\Application\Runtime\Cache\Home\2a94b8bda04ff446dcedd42276fc99ee.php 第 177 行.
NOTIC: [8] Undefined index: works F:\wamp\www\vshow\Application\Runtime\Cache\Home\2a94b8bda04ff446dcedd42276fc99ee.php 第 205 行.
NOTIC: [8] Undefined index: works F:\wamp\www\vshow\Application\Runtime\Cache\Home\2a94b8bda04ff446dcedd42276fc99ee.php 第 205 行.
NOTIC: [8] Undefined index: works F:\wamp\www\vshow\Application\Runtime\Cache\Home\2a94b8bda04ff446dcedd42276fc99ee.php 第 205 行.
NOTIC: [8] Undefined index: works F:\wamp\www\vshow\Application\Runtime\Cache\Home\2a94b8bda04ff446dcedd42276fc99ee.php 第 205 行.
NOTIC: [8] Undefined index: works F:\wamp\www\vshow\Application\Runtime\Cache\Home\2a94b8bda04ff446dcedd42276fc99ee.php 第 205 行.
NOTIC: [8] Undefined index: works F:\wamp\www\vshow\Application\Runtime\Cache\Home\2a94b8bda04ff446dcedd42276fc99ee.php 第 205 行.
NOTIC: [8] Undefined index: works F:\wamp\www\vshow\Application\Runtime\Cache\Home\2a94b8bda04ff446dcedd42276fc99ee.php 第 205 行.
NOTIC: [8] Undefined index: works F:\wamp\www\vshow\Application\Runtime\Cache\Home\2a94b8bda04ff446dcedd42276fc99ee.php 第 205 行.
INFO: Run Behavior\ParseTemplateBehavior [ RunTime:0.088005s ]
INFO: [ view_parse ] --END-- [ RunTime:0.089005s ]
INFO: [ view_filter ] --START--
INFO: Run Behavior\WriteHtmlCacheBehavior [ RunTime:0.002000s ]
INFO: Run Behavior\TokenBuildBehavior [ RunTime:0.003000s ]
INFO: [ view_filter ] --END-- [ RunTime:0.005000s ]
INFO: [ app_end ] --START--
INFO: Run Behavior\ShowPageTraceBehavior [ RunTime:0.002000s ]
INFO: [ app_end ] --END-- [ RunTime:0.002000s ]

