[ 2015-08-13T09:52:29+08:00 ] 127.0.0.1 /vshow/Uploads/Works/b_555da6642712b.png
INFO: [ app_init ] --START--
INFO: Run Behavior\BuildLiteBehavior [ RunTime:0.000000s ]
INFO: [ app_init ] --END-- [ RunTime:0.040002s ]
ERR: 无法加载模块:Uploads

[ 2015-08-13T09:52:29+08:00 ] 127.0.0.1 /vshow/Uploads/Works/b_555da69747098.png
INFO: [ app_init ] --START--
INFO: Run Behavior\BuildLiteBehavior [ RunTime:0.001000s ]
INFO: [ app_init ] --END-- [ RunTime:0.001000s ]
ERR: 无法加载模块:Uploads

[ 2015-08-13T09:52:29+08:00 ] 127.0.0.1 /vshow/Uploads/Works/b_555da64cd8ba0.png
INFO: [ app_init ] --START--
INFO: Run Behavior\BuildLiteBehavior [ RunTime:0.000000s ]
INFO: [ app_init ] --END-- [ RunTime:0.001000s ]
ERR: 无法加载模块:Uploads

[ 2015-08-13T09:52:29+08:00 ] 127.0.0.1 /vshow/Uploads/Works/b_555da7271fc93.png
INFO: [ app_init ] --START--
INFO: Run Behavior\BuildLiteBehavior [ RunTime:0.000000s ]
INFO: [ app_init ] --END-- [ RunTime:0.003000s ]
ERR: 无法加载模块:Uploads

[ 2015-08-13T09:52:29+08:00 ] 127.0.0.1 /vshow/Uploads/Works/m_555da7271fc93.png
INFO: [ app_init ] --START--
INFO: Run Behavior\BuildLiteBehavior [ RunTime:0.000000s ]
INFO: [ app_init ] --END-- [ RunTime:0.002000s ]
ERR: 无法加载模块:Uploads

[ 2015-08-13T09:52:29+08:00 ] 127.0.0.1 /vshow/Uploads/Works/555da7271fc93.png
INFO: [ app_init ] --START--
INFO: Run Behavior\BuildLiteBehavior [ RunTime:0.000000s ]
INFO: [ app_init ] --END-- [ RunTime:0.002001s ]
ERR: 无法加载模块:Uploads

[ 2015-08-13T09:52:29+08:00 ] 127.0.0.1 /vshow/Uploads/Works/555da64cd8ba0.png
INFO: [ app_init ] --START--
INFO: Run Behavior\BuildLiteBehavior [ RunTime:0.000000s ]
INFO: [ app_init ] --END-- [ RunTime:0.003000s ]
ERR: 无法加载模块:Uploads

[ 2015-08-13T09:52:29+08:00 ] 127.0.0.1 /vshow/Uploads/Works/m_555da6642712b.png
INFO: [ app_init ] --START--
INFO: Run Behavior\BuildLiteBehavior [ RunTime:0.000000s ]
INFO: [ app_init ] --END-- [ RunTime:0.010000s ]
ERR: 无法加载模块:Uploads

[ 2015-08-13T09:52:29+08:00 ] 127.0.0.1 /vshow/Uploads/Avater/555da4f400baa.jpg_thubm.jpeg
INFO: [ app_init ] --START--
INFO: Run Behavior\BuildLiteBehavior [ RunTime:0.000000s ]
INFO: [ app_init ] --END-- [ RunTime:0.001001s ]
ERR: 无法加载模块:Uploads

[ 2015-08-13T09:52:29+08:00 ] 127.0.0.1 /vshow/Uploads/Works/m_555da757080a7.png
INFO: [ app_init ] --START--
INFO: Run Behavior\BuildLiteBehavior [ RunTime:0.000000s ]
INFO: [ app_init ] --END-- [ RunTime:0.001000s ]
ERR: 无法加载模块:Uploads

[ 2015-08-13T09:52:29+08:00 ] 127.0.0.1 /vshow/Uploads/Works/555da69747098.png
INFO: [ app_init ] --START--
INFO: Run Behavior\BuildLiteBehavior [ RunTime:0.000000s ]
INFO: [ app_init ] --END-- [ RunTime:0.001000s ]
ERR: 无法加载模块:Uploads

[ 2015-08-13T09:52:29+08:00 ] 127.0.0.1 /vshow/Uploads/Avater/default.gif
INFO: [ app_init ] --START--
INFO: Run Behavior\BuildLiteBehavior [ RunTime:0.001000s ]
INFO: [ app_init ] --END-- [ RunTime:0.001000s ]
ERR: 无法加载模块:Uploads

[ 2015-08-13T09:52:29+08:00 ] 127.0.0.1 /vshow/Uploads/Works/m_555da73ed4c81.png
INFO: [ app_init ] --START--
INFO: Run Behavior\BuildLiteBehavior [ RunTime:0.000000s ]
INFO: [ app_init ] --END-- [ RunTime:0.002000s ]
ERR: 无法加载模块:Uploads

[ 2015-08-13T09:52:29+08:00 ] 127.0.0.1 /vshow/Uploads/Works/m_555db9fdbbfc2.png
INFO: [ app_init ] --START--
INFO: Run Behavior\BuildLiteBehavior [ RunTime:0.000000s ]
INFO: [ app_init ] --END-- [ RunTime:0.001000s ]
ERR: 无法加载模块:Uploads

[ 2015-08-13T09:52:30+08:00 ] 127.0.0.1 /vshow/Uploads/Works/m_555da78a304e5.png
INFO: [ app_init ] --START--
INFO: Run Behavior\BuildLiteBehavior [ RunTime:0.000000s ]
INFO: [ app_init ] --END-- [ RunTime:0.004000s ]
ERR: 无法加载模块:Uploads

[ 2015-08-13T09:52:30+08:00 ] 127.0.0.1 /vshow/Uploads/Works/m_555da69747098.png
INFO: [ app_init ] --START--
INFO: Run Behavior\BuildLiteBehavior [ RunTime:0.000000s ]
INFO: [ app_init ] --END-- [ RunTime:0.001000s ]
ERR: 无法加载模块:Uploads

[ 2015-08-13T09:52:30+08:00 ] 127.0.0.1 /vshow/Uploads/Works/b_555da73ed4c81.png
INFO: [ app_init ] --START--
INFO: Run Behavior\BuildLiteBehavior [ RunTime:0.000000s ]
INFO: [ app_init ] --END-- [ RunTime:0.001000s ]
ERR: 无法加载模块:Uploads

[ 2015-08-13T09:52:30+08:00 ] 127.0.0.1 /vshow/Uploads/Works/555da73ed4c81.png
INFO: [ app_init ] --START--
INFO: Run Behavior\BuildLiteBehavior [ RunTime:0.001000s ]
INFO: [ app_init ] --END-- [ RunTime:0.014001s ]
ERR: 无法加载模块:Uploads

[ 2015-08-13T09:52:30+08:00 ] 127.0.0.1 /vshow/Uploads/Works/m_555da64cd8ba0.png
INFO: [ app_init ] --START--
INFO: Run Behavior\BuildLiteBehavior [ RunTime:0.000000s ]
INFO: [ app_init ] --END-- [ RunTime:0.009001s ]
ERR: 无法加载模块:Uploads

[ 2015-08-13T09:52:30+08:00 ] 127.0.0.1 /vshow/Uploads/Works/555da6642712b.png
INFO: [ app_init ] --START--
INFO: Run Behavior\BuildLiteBehavior [ RunTime:0.000000s ]
INFO: [ app_init ] --END-- [ RunTime:0.005000s ]
ERR: 无法加载模块:Uploads

[ 2015-08-13T09:52:42+08:00 ] 127.0.0.1 /vshow/Uploads/Works/b_555da78a304e5.png
INFO: [ app_init ] --START--
INFO: Run Behavior\BuildLiteBehavior [ RunTime:0.000000s ]
INFO: [ app_init ] --END-- [ RunTime:0.001000s ]
ERR: 无法加载模块:Uploads

[ 2015-08-13T09:52:42+08:00 ] 127.0.0.1 /vshow/Uploads/Avater/default.gif
INFO: [ app_init ] --START--
INFO: Run Behavior\BuildLiteBehavior [ RunTime:0.000000s ]
INFO: [ app_init ] --END-- [ RunTime:0.001000s ]
ERR: 无法加载模块:Uploads

[ 2015-08-13T09:52:46+08:00 ] 127.0.0.1 /vshow/Uploads/Works/555da78a2ed75
INFO: [ app_init ] --START--
INFO: Run Behavior\BuildLiteBehavior [ RunTime:0.000000s ]
INFO: [ app_init ] --END-- [ RunTime:0.002000s ]
ERR: 无法加载模块:Uploads

[ 2015-08-13T09:52:50+08:00 ] 127.0.0.1 /vshow/Uploads/Works/b_555da78a304e5.png
INFO: [ app_init ] --START--
INFO: Run Behavior\BuildLiteBehavior [ RunTime:0.000000s ]
INFO: [ app_init ] --END-- [ RunTime:0.002000s ]
ERR: 无法加载模块:Uploads

[ 2015-08-13T09:52:50+08:00 ] 127.0.0.1 /vshow/Uploads/Avater/default.gif
INFO: [ app_init ] --START--
INFO: Run Behavior\BuildLiteBehavior [ RunTime:0.000000s ]
INFO: [ app_init ] --END-- [ RunTime:0.002000s ]
ERR: 无法加载模块:Uploads

[ 2015-08-13T09:52:52+08:00 ] 127.0.0.1 /vshow/Uploads/Works/m_555da64cd8ba0.png
INFO: [ app_init ] --START--
INFO: Run Behavior\BuildLiteBehavior [ RunTime:0.001000s ]
INFO: [ app_init ] --END-- [ RunTime:0.002000s ]
ERR: 无法加载模块:Uploads

[ 2015-08-13T09:52:52+08:00 ] 127.0.0.1 /vshow/Uploads/Avater/555da4f400baa.jpg_thubm.jpeg
INFO: [ app_init ] --START--
INFO: Run Behavior\BuildLiteBehavior [ RunTime:0.000000s ]
INFO: [ app_init ] --END-- [ RunTime:0.003000s ]
ERR: 无法加载模块:Uploads

[ 2015-08-13T09:52:56+08:00 ] 127.0.0.1 /vshow/Uploads/Works/b_555da64cd8ba0.png
INFO: [ app_init ] --START--
INFO: Run Behavior\BuildLiteBehavior [ RunTime:0.000000s ]
INFO: [ app_init ] --END-- [ RunTime:0.001000s ]
ERR: 无法加载模块:Uploads

[ 2015-08-13T09:52:56+08:00 ] 127.0.0.1 /vshow/Uploads/Works/b_555da6642712b.png
INFO: [ app_init ] --START--
INFO: Run Behavior\BuildLiteBehavior [ RunTime:0.000000s ]
INFO: [ app_init ] --END-- [ RunTime:0.001000s ]
ERR: 无法加载模块:Uploads

[ 2015-08-13T09:52:56+08:00 ] 127.0.0.1 /vshow/Uploads/Works/m_555da64cd8ba0.png
INFO: [ app_init ] --START--
INFO: Run Behavior\BuildLiteBehavior [ RunTime:0.000000s ]
INFO: [ app_init ] --END-- [ RunTime:0.001000s ]
ERR: 无法加载模块:Uploads

[ 2015-08-13T09:52:56+08:00 ] 127.0.0.1 /vshow/Uploads/Avater/555da4f400baa.jpg_thubm.jpeg
INFO: [ app_init ] --START--
INFO: Run Behavior\BuildLiteBehavior [ RunTime:0.000000s ]
INFO: [ app_init ] --END-- [ RunTime:0.003001s ]
ERR: 无法加载模块:Uploads

[ 2015-08-13T09:52:56+08:00 ] 127.0.0.1 /vshow/Uploads/Works/m_555da69747098.png
INFO: [ app_init ] --START--
INFO: Run Behavior\BuildLiteBehavior [ RunTime:0.000000s ]
INFO: [ app_init ] --END-- [ RunTime:0.002000s ]
ERR: 无法加载模块:Uploads

[ 2015-08-13T09:52:56+08:00 ] 127.0.0.1 /vshow/Uploads/Works/m_555da7271fc93.png
INFO: [ app_init ] --START--
INFO: Run Behavior\BuildLiteBehavior [ RunTime:0.000000s ]
INFO: [ app_init ] --END-- [ RunTime:0.001000s ]
ERR: 无法加载模块:Uploads

[ 2015-08-13T09:52:56+08:00 ] 127.0.0.1 /vshow/Uploads/Works/m_555da757080a7.png
INFO: [ app_init ] --START--
INFO: Run Behavior\BuildLiteBehavior [ RunTime:0.000000s ]
INFO: [ app_init ] --END-- [ RunTime:0.001000s ]
ERR: 无法加载模块:Uploads

[ 2015-08-13T09:52:56+08:00 ] 127.0.0.1 /vshow/Uploads/Works/m_555da73ed4c81.png
INFO: [ app_init ] --START--
INFO: Run Behavior\BuildLiteBehavior [ RunTime:0.000000s ]
INFO: [ app_init ] --END-- [ RunTime:0.001000s ]
ERR: 无法加载模块:Uploads

[ 2015-08-13T09:52:56+08:00 ] 127.0.0.1 /vshow/Uploads/Works/m_555da78a304e5.png
INFO: [ app_init ] --START--
INFO: Run Behavior\BuildLiteBehavior [ RunTime:0.002000s ]
INFO: [ app_init ] --END-- [ RunTime:0.003000s ]
ERR: 无法加载模块:Uploads

[ 2015-08-13T09:52:56+08:00 ] 127.0.0.1 /vshow/Uploads/Works/m_555db9fdbbfc2.png
INFO: [ app_init ] --START--
INFO: Run Behavior\BuildLiteBehavior [ RunTime:0.000000s ]
INFO: [ app_init ] --END-- [ RunTime:0.001000s ]
ERR: 无法加载模块:Uploads

[ 2015-08-13T09:52:56+08:00 ] 127.0.0.1 /vshow/Uploads/Avater/default.gif
INFO: [ app_init ] --START--
INFO: Run Behavior\BuildLiteBehavior [ RunTime:0.000000s ]
INFO: [ app_init ] --END-- [ RunTime:0.001000s ]
ERR: 无法加载模块:Uploads

[ 2015-08-13T09:52:56+08:00 ] 127.0.0.1 /vshow/Uploads/Works/m_555da6642712b.png
INFO: [ app_init ] --START--
INFO: Run Behavior\BuildLiteBehavior [ RunTime:0.001000s ]
INFO: [ app_init ] --END-- [ RunTime:0.001000s ]
ERR: 无法加载模块:Uploads

[ 2015-08-13T09:52:59+08:00 ] 127.0.0.1 /vshow/Uploads/Works/b_555da69747098.png
INFO: [ app_init ] --START--
INFO: Run Behavior\BuildLiteBehavior [ RunTime:0.000000s ]
INFO: [ app_init ] --END-- [ RunTime:0.002000s ]
ERR: 无法加载模块:Uploads

[ 2015-08-13T09:52:59+08:00 ] 127.0.0.1 /vshow/Uploads/Works/b_555da6642712b.png
INFO: [ app_init ] --START--
INFO: Run Behavior\BuildLiteBehavior [ RunTime:0.000000s ]
INFO: [ app_init ] --END-- [ RunTime:0.046003s ]
ERR: 无法加载模块:Uploads

[ 2015-08-13T09:52:59+08:00 ] 127.0.0.1 /vshow/Uploads/Works/m_555da7271fc93.png
INFO: [ app_init ] --START--
INFO: Run Behavior\BuildLiteBehavior [ RunTime:0.000000s ]
INFO: [ app_init ] --END-- [ RunTime:0.001000s ]
ERR: 无法加载模块:Uploads

[ 2015-08-13T09:52:59+08:00 ] 127.0.0.1 /vshow/Uploads/Works/555da73ed4c81.png
INFO: [ app_init ] --START--
INFO: Run Behavior\BuildLiteBehavior [ RunTime:0.000000s ]
INFO: [ app_init ] --END-- [ RunTime:0.001000s ]
ERR: 无法加载模块:Uploads

[ 2015-08-13T09:52:59+08:00 ] 127.0.0.1 /vshow/Uploads/Works/m_555da78a304e5.png
INFO: [ app_init ] --START--
INFO: Run Behavior\BuildLiteBehavior [ RunTime:0.000000s ]
INFO: [ app_init ] --END-- [ RunTime:0.001000s ]
ERR: 无法加载模块:Uploads

[ 2015-08-13T09:52:59+08:00 ] 127.0.0.1 /vshow/Uploads/Works/m_555da73ed4c81.png
INFO: [ app_init ] --START--
INFO: Run Behavior\BuildLiteBehavior [ RunTime:0.000000s ]
INFO: [ app_init ] --END-- [ RunTime:0.007001s ]
ERR: 无法加载模块:Uploads

[ 2015-08-13T09:52:59+08:00 ] 127.0.0.1 /vshow/Uploads/Works/m_555db9fdbbfc2.png
INFO: [ app_init ] --START--
INFO: Run Behavior\BuildLiteBehavior [ RunTime:0.000000s ]
INFO: [ app_init ] --END-- [ RunTime:0.002000s ]
ERR: 无法加载模块:Uploads

[ 2015-08-13T09:52:59+08:00 ] 127.0.0.1 /vshow/Uploads/Works/m_555da757080a7.png
INFO: [ app_init ] --START--
INFO: Run Behavior\BuildLiteBehavior [ RunTime:0.000000s ]
INFO: [ app_init ] --END-- [ RunTime:0.001000s ]
ERR: 无法加载模块:Uploads

[ 2015-08-13T09:52:59+08:00 ] 127.0.0.1 /vshow/Uploads/Works/m_555da69747098.png
INFO: [ app_init ] --START--
INFO: Run Behavior\BuildLiteBehavior [ RunTime:0.000000s ]
INFO: [ app_init ] --END-- [ RunTime:0.001000s ]
ERR: 无法加载模块:Uploads

[ 2015-08-13T09:52:59+08:00 ] 127.0.0.1 /vshow/Uploads/Avater/default.gif
INFO: [ app_init ] --START--
INFO: Run Behavior\BuildLiteBehavior [ RunTime:0.000000s ]
INFO: [ app_init ] --END-- [ RunTime:0.001000s ]
ERR: 无法加载模块:Uploads

[ 2015-08-13T09:52:59+08:00 ] 127.0.0.1 /vshow/Uploads/Works/b_555da73ed4c81.png
INFO: [ app_init ] --START--
INFO: Run Behavior\BuildLiteBehavior [ RunTime:0.000000s ]
INFO: [ app_init ] --END-- [ RunTime:0.003000s ]
ERR: 无法加载模块:Uploads

[ 2015-08-13T09:52:59+08:00 ] 127.0.0.1 /vshow/Uploads/Works/555da64cd8ba0.png
INFO: [ app_init ] --START--
INFO: Run Behavior\BuildLiteBehavior [ RunTime:0.000000s ]
INFO: [ app_init ] --END-- [ RunTime:0.001000s ]
ERR: 无法加载模块:Uploads

[ 2015-08-13T09:53:00+08:00 ] 127.0.0.1 /vshow/Uploads/Works/b_555da64cd8ba0.png
INFO: [ app_init ] --START--
INFO: Run Behavior\BuildLiteBehavior [ RunTime:0.001000s ]
INFO: [ app_init ] --END-- [ RunTime:0.001000s ]
ERR: 无法加载模块:Uploads

[ 2015-08-13T09:53:00+08:00 ] 127.0.0.1 /vshow/Uploads/Works/555da69747098.png
INFO: [ app_init ] --START--
INFO: Run Behavior\BuildLiteBehavior [ RunTime:0.000000s ]
INFO: [ app_init ] --END-- [ RunTime:0.002001s ]
ERR: 无法加载模块:Uploads

[ 2015-08-13T09:53:00+08:00 ] 127.0.0.1 /vshow/Uploads/Works/m_555da6642712b.png
INFO: [ app_init ] --START--
INFO: Run Behavior\BuildLiteBehavior [ RunTime:0.000000s ]
INFO: [ app_init ] --END-- [ RunTime:0.002001s ]
ERR: 无法加载模块:Uploads

[ 2015-08-13T09:53:00+08:00 ] 127.0.0.1 /vshow/Uploads/Works/555da7271fc93.png
INFO: [ app_init ] --START--
INFO: Run Behavior\BuildLiteBehavior [ RunTime:0.000000s ]
INFO: [ app_init ] --END-- [ RunTime:0.002000s ]
ERR: 无法加载模块:Uploads

[ 2015-08-13T09:53:00+08:00 ] 127.0.0.1 /vshow/Uploads/Works/555da6642712b.png
INFO: [ app_init ] --START--
INFO: Run Behavior\BuildLiteBehavior [ RunTime:0.000000s ]
INFO: [ app_init ] --END-- [ RunTime:0.001000s ]
ERR: 无法加载模块:Uploads

[ 2015-08-13T09:53:00+08:00 ] 127.0.0.1 /vshow/Uploads/Avater/555da4f400baa.jpg_thubm.jpeg
INFO: [ app_init ] --START--
INFO: Run Behavior\BuildLiteBehavior [ RunTime:0.000000s ]
INFO: [ app_init ] --END-- [ RunTime:0.003001s ]
ERR: 无法加载模块:Uploads

[ 2015-08-13T09:53:00+08:00 ] 127.0.0.1 /vshow/Uploads/Works/b_555da7271fc93.png
INFO: [ app_init ] --START--
INFO: Run Behavior\BuildLiteBehavior [ RunTime:0.000000s ]
INFO: [ app_init ] --END-- [ RunTime:0.002000s ]
ERR: 无法加载模块:Uploads

[ 2015-08-13T09:53:00+08:00 ] 127.0.0.1 /vshow/Uploads/Works/m_555da64cd8ba0.png
INFO: [ app_init ] --START--
INFO: Run Behavior\BuildLiteBehavior [ RunTime:0.000000s ]
INFO: [ app_init ] --END-- [ RunTime:0.001000s ]
ERR: 无法加载模块:Uploads

