[ 2015-10-29T21:30:51+08:00 ] ::1 /vshow/Uploads/Avater/555da4f400baa.jpg_thubm.jpeg
INFO: [ app_init ] --START--
INFO: Run Behavior\BuildLiteBehavior [ RunTime:0.000000s ]
INFO: [ app_init ] --END-- [ RunTime:0.001000s ]
ERR: 无法加载模块:Uploads

[ 2015-10-29T21:42:51+08:00 ] ::1 /vshow/Uploads/Avater/default.gif
INFO: [ app_init ] --START--
INFO: Run Behavior\BuildLiteBehavior [ RunTime:0.000000s ]
INFO: [ app_init ] --END-- [ RunTime:0.000000s ]
ERR: 无法加载模块:Uploads

[ 2015-10-29T21:49:57+08:00 ] ::1 /vshow/Public/script/Plug/artDialog/dist/sea.js.map
INFO: [ app_init ] --START--
INFO: Run Behavior\BuildLiteBehavior [ RunTime:0.000000s ]
INFO: [ app_init ] --END-- [ RunTime:0.000000s ]
ERR: 无法加载模块:Public

[ 2015-10-29T21:50:07+08:00 ] ::1 /vshow/Public/script/Plug/artDialog/dist/sea.js.map
INFO: [ app_init ] --START--
INFO: Run Behavior\BuildLiteBehavior [ RunTime:0.000000s ]
INFO: [ app_init ] --END-- [ RunTime:0.000000s ]
ERR: 无法加载模块:Public

[ 2015-10-29T21:52:47+08:00 ] ::1 /vshow/Public/script/Plug/artDialog/dist/sea.js.map
INFO: [ app_init ] --START--
INFO: Run Behavior\BuildLiteBehavior [ RunTime:0.000000s ]
INFO: [ app_init ] --END-- [ RunTime:0.000000s ]
ERR: 无法加载模块:Public

[ 2015-10-29T21:53:40+08:00 ] ::1 /vshow/Public/script/Plug/artDialog/dist/sea.js.map
INFO: [ app_init ] --START--
INFO: Run Behavior\BuildLiteBehavior [ RunTime:0.000000s ]
INFO: [ app_init ] --END-- [ RunTime:0.001001s ]
ERR: 无法加载模块:Public

[ 2015-10-29T21:53:46+08:00 ] ::1 /vshow/Public/script/Plug/artDialog/dist/sea.js.map
INFO: [ app_init ] --START--
INFO: Run Behavior\BuildLiteBehavior [ RunTime:0.000000s ]
INFO: [ app_init ] --END-- [ RunTime:0.000000s ]
ERR: 无法加载模块:Public

[ 2015-10-29T22:46:53+08:00 ] ::1 /vshow/Uploads/Avater/558e242185758.png_thubm.png
INFO: [ app_init ] --START--
INFO: Run Behavior\BuildLiteBehavior [ RunTime:0.000000s ]
INFO: [ app_init ] --END-- [ RunTime:0.001000s ]
ERR: 无法加载模块:Uploads

[ 2015-10-29T22:46:55+08:00 ] ::1 /vshow/Uploads/Avater/558e242185758.png_thubm.png
INFO: [ app_init ] --START--
INFO: Run Behavior\BuildLiteBehavior [ RunTime:0.000000s ]
INFO: [ app_init ] --END-- [ RunTime:0.000000s ]
ERR: 无法加载模块:Uploads

[ 2015-10-29T22:46:56+08:00 ] ::1 /vshow/Uploads/Avater/558e242185758.png_thubm.png
INFO: [ app_init ] --START--
INFO: Run Behavior\BuildLiteBehavior [ RunTime:0.000000s ]
INFO: [ app_init ] --END-- [ RunTime:0.001000s ]
ERR: 无法加载模块:Uploads

[ 2015-10-29T22:46:57+08:00 ] ::1 /vshow/Uploads/Avater/558e242185758.png_thubm.png
INFO: [ app_init ] --START--
INFO: Run Behavior\BuildLiteBehavior [ RunTime:0.000000s ]
INFO: [ app_init ] --END-- [ RunTime:0.001000s ]
ERR: 无法加载模块:Uploads

[ 2015-10-29T22:47:01+08:00 ] ::1 /vshow/Uploads/Avater/558e242185758.png_thubm.png
INFO: [ app_init ] --START--
INFO: Run Behavior\BuildLiteBehavior [ RunTime:0.000000s ]
INFO: [ app_init ] --END-- [ RunTime:0.000000s ]
ERR: 无法加载模块:Uploads

[ 2015-10-29T22:47:47+08:00 ] ::1 /vshow/Uploads/Avater/558e242185758.png_thubm.png
INFO: [ app_init ] --START--
INFO: Run Behavior\BuildLiteBehavior [ RunTime:0.000000s ]
INFO: [ app_init ] --END-- [ RunTime:0.000000s ]
ERR: 无法加载模块:Uploads

[ 2015-10-29T22:47:52+08:00 ] ::1 /vshow/Uploads/Avater/558e242185758.png_thubm.png
INFO: [ app_init ] --START--
INFO: Run Behavior\BuildLiteBehavior [ RunTime:0.000000s ]
INFO: [ app_init ] --END-- [ RunTime:0.001000s ]
ERR: 无法加载模块:Uploads

[ 2015-10-29T22:47:55+08:00 ] ::1 /vshow/Uploads/Avater/558e242185758.png_thubm.png
INFO: [ app_init ] --START--
INFO: Run Behavior\BuildLiteBehavior [ RunTime:0.000000s ]
INFO: [ app_init ] --END-- [ RunTime:0.000000s ]
ERR: 无法加载模块:Uploads

[ 2015-10-29T22:48:01+08:00 ] ::1 /vshow/Uploads/Works/5632319115390/images/cart2.png
INFO: [ app_init ] --START--
INFO: Run Behavior\BuildLiteBehavior [ RunTime:0.000000s ]
INFO: [ app_init ] --END-- [ RunTime:0.000000s ]
ERR: 无法加载模块:Uploads

[ 2015-10-29T22:48:02+08:00 ] ::1 /vshow/Uploads/Works/5632319115390/images/img-sprite.png
INFO: [ app_init ] --START--
INFO: Run Behavior\BuildLiteBehavior [ RunTime:0.000000s ]
INFO: [ app_init ] --END-- [ RunTime:0.000000s ]
ERR: 无法加载模块:Uploads

[ 2015-10-29T22:48:09+08:00 ] ::1 /vshow/Uploads/Works/5632319115390/images/cart2.png
INFO: [ app_init ] --START--
INFO: Run Behavior\BuildLiteBehavior [ RunTime:0.000000s ]
INFO: [ app_init ] --END-- [ RunTime:0.006000s ]
ERR: 无法加载模块:Uploads

[ 2015-10-29T22:48:16+08:00 ] ::1 /vshow/Uploads/Works/5632319115390/images/cart2.png
INFO: [ app_init ] --START--
INFO: Run Behavior\BuildLiteBehavior [ RunTime:0.000000s ]
INFO: [ app_init ] --END-- [ RunTime:0.001000s ]
ERR: 无法加载模块:Uploads

[ 2015-10-29T22:48:20+08:00 ] ::1 /vshow/Uploads/Works/5632319115390/images/img-sprite.png
INFO: [ app_init ] --START--
INFO: Run Behavior\BuildLiteBehavior [ RunTime:0.000000s ]
INFO: [ app_init ] --END-- [ RunTime:0.001000s ]
ERR: 无法加载模块:Uploads

[ 2015-10-29T22:48:31+08:00 ] ::1 /vshow/Uploads/Avater/558e242185758.png_thubm.png
INFO: [ app_init ] --START--
INFO: Run Behavior\BuildLiteBehavior [ RunTime:0.000000s ]
INFO: [ app_init ] --END-- [ RunTime:0.001000s ]
ERR: 无法加载模块:Uploads

[ 2015-10-29T22:48:40+08:00 ] ::1 /vshow/Uploads/Avater/558e242185758.png_thubm.png
INFO: [ app_init ] --START--
INFO: Run Behavior\BuildLiteBehavior [ RunTime:0.000000s ]
INFO: [ app_init ] --END-- [ RunTime:0.001000s ]
ERR: 无法加载模块:Uploads

[ 2015-10-29T22:48:42+08:00 ] ::1 /vshow/Uploads/Avater/558e242185758.png_thubm.png
INFO: [ app_init ] --START--
INFO: Run Behavior\BuildLiteBehavior [ RunTime:0.000000s ]
INFO: [ app_init ] --END-- [ RunTime:0.001000s ]
ERR: 无法加载模块:Uploads

[ 2015-10-29T22:54:50+08:00 ] ::1 /vshow/Uploads/Avater/558e242185758.png_thubm.png
INFO: [ app_init ] --START--
INFO: Run Behavior\BuildLiteBehavior [ RunTime:0.000000s ]
INFO: [ app_init ] --END-- [ RunTime:0.001000s ]
ERR: 无法加载模块:Uploads

[ 2015-10-29T23:02:15+08:00 ] ::1 /vshow/Uploads/Avater/558e242185758.png_thubm.png
INFO: [ app_init ] --START--
INFO: Run Behavior\BuildLiteBehavior [ RunTime:0.000000s ]
INFO: [ app_init ] --END-- [ RunTime:0.001000s ]
ERR: 无法加载模块:Uploads

[ 2015-10-29T23:02:17+08:00 ] ::1 /vshow/Uploads/Avater/558e242185758.png_thubm.png
INFO: [ app_init ] --START--
INFO: Run Behavior\BuildLiteBehavior [ RunTime:0.000000s ]
INFO: [ app_init ] --END-- [ RunTime:0.001000s ]
ERR: 无法加载模块:Uploads

[ 2015-10-29T23:02:31+08:00 ] ::1 /vshow/Uploads/Avater/558e242185758.png_thubm.png
INFO: [ app_init ] --START--
INFO: Run Behavior\BuildLiteBehavior [ RunTime:0.000000s ]
INFO: [ app_init ] --END-- [ RunTime:0.000000s ]
ERR: 无法加载模块:Uploads

[ 2015-10-29T23:02:34+08:00 ] ::1 /vshow/Uploads/Avater/558e242185758.png_thubm.png
INFO: [ app_init ] --START--
INFO: Run Behavior\BuildLiteBehavior [ RunTime:0.000000s ]
INFO: [ app_init ] --END-- [ RunTime:0.001000s ]
ERR: 无法加载模块:Uploads

